Run Params:
{'save_folder': 'run_history/', 'number_of_instances': 10000, 'number_of_features': 100, 'number_of_features_in_bin': 10, 'no_fail_proportion': 0.5, 'noise_frequency': 0.0, 'censoring_frequency': 0.5, 'random_seed': 42, 'threshold': 2, 'iterations': 1000, 'set_number_of_bins': 50, 'min_features_per_group': 2, 'max_number_of_groups_with_feature': 4, 'informative_cutoff': 0.2, 'crossover_probability': 0.5, 'mutation_probability': 0.4, 'elitism_parameter': 0.8, 'mutation_strategy': 'Simple', 'set_threshold': 0, 'evolving_probability': 0.0, 'min_threshold': 0, 'max_threshold': 3, 'merge_probability': 0.0, 'adaptable_threshold': True, 'scoring_method': 'log_rank'}
                                                                                                0
Bin #                                                                                       Bin 1
Top Bin of Features:                            ['P_2', 'P_9', 'P_1', 'P_6', 'P_4', 'P_3', 'P_...
Log-Rank Score                                                                        4623.238754
Number of Instances with No Mismatches in Bin:                                               5608
Number of Instances with Mismatch(es) in Bin:                                                4392
p-value from Log Rank Test:                                                                   0.0
Threshold                                                                                       2
    Bin #        Score  ... High Risk Ratio  Accuracy
0   Bin 1  4623.238754  ...          0.4392    0.9392
1   Bin 2  4529.126703  ...          0.4357    0.9357
2   Bin 3  4514.430598  ...          0.4358    0.9358
3   Bin 4  4467.247435  ...          0.4351    0.9351
4   Bin 5  4447.639682  ...          0.4361    0.9361
5   Bin 6  4427.370292  ...          0.4349    0.9349
6   Bin 7  4398.217314  ...          0.4334    0.9334
7   Bin 8  3646.991298  ...          0.3881    0.8881
8   Bin 9  3497.689777  ...          0.4586    0.9092
9  Bin 10  3442.537380  ...          0.4656    0.9160

[10 rows x 6 columns]
Accuracy:  0.9392
              precision    recall  f1-score   support

           0       1.00      0.89      0.94      5608
           1       0.88      1.00      0.94      4392

    accuracy                           0.94     10000
   macro avg       0.94      0.95      0.94     10000
weighted avg       0.95      0.94      0.94     10000

