Run Params:
{'save_folder': 'run_history/', 'number_of_instances': 10000, 'number_of_features': 100, 'number_of_features_in_bin': 10, 'no_fail_proportion': 0.5, 'noise_frequency': 0.0, 'censoring_frequency': 0.5, 'random_seed': 42, 'threshold': 3, 'iterations': 1000, 'set_number_of_bins': 50, 'min_features_per_group': 2, 'max_number_of_groups_with_feature': 4, 'informative_cutoff': 0.2, 'crossover_probability': 0.5, 'mutation_probability': 0.4, 'elitism_parameter': 0.8, 'mutation_strategy': 'Simple', 'set_threshold': 0, 'evolving_probability': 1.0, 'min_threshold': 0, 'max_threshold': 3, 'merge_probability': 0.0, 'adaptable_threshold': True, 'scoring_method': 'log_rank'}
                                                                                                0
Bin #                                                                                       Bin 1
Top Bin of Features:                            ['P_2', 'P_1', 'P_8', 'P_6', 'P_10', 'P_7', 'R...
Log-Rank Score                                                                         2369.26254
Number of Instances with No Mismatches in Bin:                                               5713
Number of Instances with Mismatch(es) in Bin:                                                4287
p-value from Log Rank Test:                                                                   0.0
Threshold                                                                                       3
    Bin #        Score  ... High Risk Ratio  Accuracy
0   Bin 1  2369.262540  ...          0.4287    0.8505
1   Bin 2  2021.941617  ...          0.3736    0.8052
2   Bin 3  1926.069064  ...          0.3160    0.7718
3   Bin 4  1893.725942  ...          0.3702    0.8016
4   Bin 5  1878.106236  ...          0.3622    0.7918
5   Bin 6  1859.460381  ...          0.3728    0.7992
6   Bin 7  1846.033603  ...          0.3641    0.7899
7   Bin 8  1830.373690  ...          0.3714    0.7978
8   Bin 9  1749.267666  ...          0.3646    0.7934
9  Bin 10  1745.079241  ...          0.5785    0.8513

[10 rows x 6 columns]
Accuracy:  0.8505
              precision    recall  f1-score   support

           0       0.92      0.81      0.86      5713
           1       0.78      0.91      0.84      4287

    accuracy                           0.85     10000
   macro avg       0.85      0.86      0.85     10000
weighted avg       0.86      0.85      0.85     10000

