Run Params:
{'save_folder': 'run_history/', 'number_of_instances': 10000, 'number_of_features': 100, 'number_of_features_in_bin': 10, 'no_fail_proportion': 0.5, 'noise_frequency': 0.0, 'censoring_frequency': 0.5, 'random_seed': 42, 'threshold': 3, 'iterations': 1000, 'set_number_of_bins': 50, 'min_features_per_group': 2, 'max_number_of_groups_with_feature': 4, 'informative_cutoff': 0.2, 'crossover_probability': 0.5, 'mutation_probability': 0.4, 'elitism_parameter': 0.8, 'mutation_strategy': 'Simple', 'set_threshold': 0, 'evolving_probability': 0.0, 'min_threshold': 0, 'max_threshold': 3, 'merge_probability': 0.0, 'adaptable_threshold': True, 'scoring_method': 'log_rank'}
                                                                                                0
Bin #                                                                                       Bin 1
Top Bin of Features:                            ['P_6', 'P_5', 'P_8', 'P_1', 'P_4', 'P_7', 'P_...
Log-Rank Score                                                                        2691.331341
Number of Instances with No Mismatches in Bin:                                               4132
Number of Instances with Mismatch(es) in Bin:                                                5868
p-value from Log Rank Test:                                                                   0.0
Threshold                                                                                       2
    Bin #        Score  ... High Risk Ratio  Accuracy
0   Bin 1  2691.331341  ...          0.5868    0.9132
1   Bin 2  2517.251263  ...          0.4903    0.8759
2   Bin 3  2513.260028  ...          0.4913    0.8763
3   Bin 4  2476.170018  ...          0.4309    0.8545
4   Bin 5  2473.510742  ...          0.4881    0.8763
5   Bin 6  2473.427019  ...          0.4934    0.8782
6   Bin 7  2472.307224  ...          0.4905    0.8723
7   Bin 8  2469.057860  ...          0.4200    0.8476
8   Bin 9  2465.741508  ...          0.4279    0.8533
9  Bin 10  2459.299885  ...          0.4312    0.8548

[10 rows x 6 columns]
Accuracy:  0.9132
              precision    recall  f1-score   support

           0       0.83      1.00      0.90      4132
           1       1.00      0.85      0.92      5868

    accuracy                           0.91     10000
   macro avg       0.91      0.93      0.91     10000
weighted avg       0.93      0.91      0.91     10000

