Run Params:
{'save_folder': 'run_history/', 'number_of_instances': 10000, 'number_of_features': 100, 'number_of_features_in_bin': 10, 'no_fail_proportion': 0.5, 'noise_frequency': 0.0, 'censoring_frequency': 0.5, 'random_seed': 42, 'threshold': 1, 'iterations': 1000, 'set_number_of_bins': 50, 'min_features_per_group': 2, 'max_number_of_groups_with_feature': 4, 'informative_cutoff': 0.2, 'crossover_probability': 0.5, 'mutation_probability': 0.4, 'elitism_parameter': 0.8, 'mutation_strategy': 'Simple', 'set_threshold': 0, 'evolving_probability': 0.0, 'min_threshold': 0, 'max_threshold': 3, 'merge_probability': 0.0, 'adaptable_threshold': False, 'scoring_method': 'log_rank'}
                                                                           0
Bin #                                                                  Bin 1
Top Bin of Features:                            ['P_4', 'P_5', 'P_1', 'P_9']
Log-Rank Score                                                   2076.942391
Number of Instances with No Mismatches in Bin:                          4348
Number of Instances with Mismatch(es) in Bin:                           5652
p-value from Log Rank Test:                                              0.0
Threshold                                                                  0
    Bin #        Score  ... High Risk Ratio  Accuracy
0   Bin 1  2076.942391  ...          0.5652    0.8698
1   Bin 2  2066.663193  ...          0.5656    0.8694
2   Bin 3  2052.094670  ...          0.5647    0.8663
3   Bin 4  2050.295110  ...          0.5648    0.8692
4   Bin 5  2046.247030  ...          0.4950    0.8490
5   Bin 6  2040.888208  ...          0.5629    0.8683
6   Bin 7  2039.541555  ...          0.5644    0.8658
7   Bin 8  2030.229794  ...          0.5671    0.8675
8   Bin 9  2024.148521  ...          0.5630    0.8670
9  Bin 10  2019.148888  ...          0.5635    0.8685

[10 rows x 6 columns]
Accuracy:  0.8698
              precision    recall  f1-score   support

           0       0.80      0.93      0.86      4348
           1       0.94      0.83      0.88      5652

    accuracy                           0.87     10000
   macro avg       0.87      0.88      0.87     10000
weighted avg       0.88      0.87      0.87     10000

