Run Params:
{'save_folder': 'run_history/', 'number_of_instances': 10000, 'number_of_features': 100, 'number_of_features_in_bin': 10, 'no_fail_proportion': 0.5, 'noise_frequency': 0.0, 'censoring_frequency': 0.5, 'random_seed': 42, 'threshold': 1, 'iterations': 1000, 'set_number_of_bins': 50, 'min_features_per_group': 2, 'max_number_of_groups_with_feature': 4, 'informative_cutoff': 0.2, 'crossover_probability': 0.5, 'mutation_probability': 0.4, 'elitism_parameter': 0.8, 'mutation_strategy': 'Simple', 'set_threshold': 0, 'evolving_probability': 1.0, 'min_threshold': 0, 'max_threshold': 3, 'merge_probability': 0.0, 'adaptable_threshold': True, 'scoring_method': 'log_rank'}
                                                                                                0
Bin #                                                                                       Bin 1
Top Bin of Features:                            ['P_2', 'P_9', 'P_4', 'P_8', 'P_1', 'P_3', 'P_...
Log-Rank Score                                                                         5299.34236
Number of Instances with No Mismatches in Bin:                                               5151
Number of Instances with Mismatch(es) in Bin:                                                4849
p-value from Log Rank Test:                                                                   0.0
Threshold                                                                                       1
    Bin #        Score  ... High Risk Ratio  Accuracy
0   Bin 1  5299.342360  ...          0.4849    0.9849
1   Bin 2  5242.325422  ...          0.4834    0.9834
2   Bin 3  5235.725622  ...          0.4830    0.9830
3   Bin 4  5218.872554  ...          0.4841    0.9841
4   Bin 5  5188.530639  ...          0.4832    0.9832
5   Bin 6  5145.906757  ...          0.4823    0.9823
6   Bin 7  4980.270420  ...          0.4639    0.9639
7   Bin 8  4754.214406  ...          0.4465    0.9465
8   Bin 9  4692.409006  ...          0.4451    0.9451
9  Bin 10  4660.914492  ...          0.4428    0.9428

[10 rows x 6 columns]
Accuracy:  0.9849
              precision    recall  f1-score   support

           0       1.00      0.97      0.99      5151
           1       0.97      1.00      0.98      4849

    accuracy                           0.98     10000
   macro avg       0.98      0.99      0.98     10000
weighted avg       0.99      0.98      0.98     10000

