Run Params:
{'save_folder': 'run_history/', 'number_of_instances': 10000, 'number_of_features': 100, 'number_of_features_in_bin': 10, 'no_fail_proportion': 0.5, 'noise_frequency': 0.0, 'censoring_frequency': 0.5, 'random_seed': 42, 'threshold': 2, 'iterations': 1000, 'set_number_of_bins': 50, 'min_features_per_group': 2, 'max_number_of_groups_with_feature': 4, 'informative_cutoff': 0.2, 'crossover_probability': 0.5, 'mutation_probability': 0.4, 'elitism_parameter': 0.8, 'mutation_strategy': 'Simple', 'set_threshold': 0, 'evolving_probability': 0.0, 'min_threshold': 0, 'max_threshold': 3, 'merge_probability': 0.0, 'adaptable_threshold': False, 'scoring_method': 'log_rank'}
                                                                    0
Bin #                                                           Bin 1
Top Bin of Features:                            ['P_1', 'P_4', 'P_5']
Log-Rank Score                                            1231.617993
Number of Instances with No Mismatches in Bin:                   4410
Number of Instances with Mismatch(es) in Bin:                    5590
p-value from Log Rank Test:                                       0.0
Threshold                                                           0
    Bin #        Score  ... High Risk Ratio  Accuracy
0   Bin 1  1231.617993  ...          0.5590    0.7850
1   Bin 2  1212.873538  ...          0.6392    0.7912
2   Bin 3  1196.923988  ...          0.6422    0.7888
3   Bin 4  1190.682893  ...          0.6436    0.7914
4   Bin 5  1183.511290  ...          0.6410    0.7874
5   Bin 6  1180.185538  ...          0.6433    0.7907
6   Bin 7  1178.257222  ...          0.6410    0.7910
7   Bin 8  1175.960780  ...          0.5565    0.7801
8   Bin 9  1174.176978  ...          0.5567    0.7801
9  Bin 10  1169.031805  ...          0.6446    0.7904

[10 rows x 6 columns]
Accuracy:  0.785
              precision    recall  f1-score   support

           0       0.73      0.82      0.77      4410
           1       0.84      0.75      0.80      5590

    accuracy                           0.79     10000
   macro avg       0.78      0.79      0.78     10000
weighted avg       0.79      0.79      0.79     10000

